2023/10/31 19:42:49 - Results of the query: 
        SELECT
    CASE
        WHEN TIMESTAMPDIFF(YEAR, birth_date, CURDATE()) BETWEEN 20 AND 25 THEN '20-25'
        WHEN TIMESTAMPDIFF(YEAR, birth_date, CURDATE()) BETWEEN 26 AND 30 THEN '26-30'
        WHEN TIMESTAMPDIFF(YEAR, birth_date, CURDATE()) BETWEEN 31 AND 35 THEN '31-35'
        WHEN TIMESTAMPDIFF(YEAR, birth_date, CURDATE()) BETWEEN 36 AND 40 THEN '36-40'
        WHEN TIMESTAMPDIFF(YEAR, birth_date, CURDATE()) BETWEEN 41 AND 45 THEN '41-45'
        WHEN TIMESTAMPDIFF(YEAR, birth_date, CURDATE()) BETWEEN 46 AND 50 THEN '46-50'
        WHEN TIMESTAMPDIFF(YEAR, birth_date, CURDATE()) BETWEEN 51 AND 55 THEN '51-55'
        WHEN TIMESTAMPDIFF(YEAR, birth_date, CURDATE()) BETWEEN 56 AND 60 THEN '56-60'
        WHEN TIMESTAMPDIFF(YEAR, birth_date, CURDATE()) BETWEEN 61 AND 65 THEN '61-65'
        WHEN TIMESTAMPDIFF(YEAR, birth_date, CURDATE()) BETWEEN 66 AND 70 THEN '66-70'
        WHEN TIMESTAMPDIFF(YEAR, birth_date, CURDATE()) BETWEEN 71 AND 75 THEN '71-75'
        WHEN TIMESTAMPDIFF(YEAR, birth_date, CURDATE()) BETWEEN 76 AND 80 THEN '76-80'
        WHEN TIMESTAMPDIFF(YEAR, birth_date, CURDATE()) BETWEEN 81 AND 86 THEN '81-86'
        ELSE '86+'
    END AS age_group,
    COUNT(*) AS total_employees
FROM employees
GROUP BY age_group
ORDER BY age_group;

('56-60', 51846)
('61-65', 115634)
('66-70', 115152)
('71-75', 17392)

